<?xml version="1.0" encoding="UTF-8"?>
<!-- Generated by org.testng.reporters.JUnitReportReporter -->
<testsuite hostname="DESKTOP-TIHB5EH" failures="0" tests="3" name="practiceTestNg.SampleReportTest" time="8.759" errors="0" timestamp="2025-07-31T15:25:03 IST" skipped="0">
  <testcase classname="practiceTestNg.SampleReportTest" name="createContactWithOrg" time="0.003"/>
  <testcase classname="practiceTestNg.SampleReportTest" name="createContactTest" time="8.753"/>
  <testcase classname="practiceTestNg.SampleReportTest" name="createContactWithPhoneNum" time="0.003"/>
</testsuite> <!-- practiceTestNg.SampleReportTest -->
