<?xml version="1.0" encoding="UTF-8"?>
<!-- Generated by org.testng.reporters.JUnitReportReporter -->
<testsuite hostname="DESKTOP-TIHB5EH" failures="0" tests="1" name="practiceDDT.SampleUnitTestCheckInBackEnd" time="0.826" errors="0" timestamp="2025-07-16T10:03:05 IST" skipped="0">
  <testcase classname="practiceDDT.SampleUnitTestCheckInBackEnd" name="projectCheckTest" time="0.826"/>
</testsuite> <!-- practiceDDT.SampleUnitTestCheckInBackEnd -->
