<?xml version="1.0" encoding="UTF-8"?>
<!-- Generated by org.testng.reporters.JUnitReportReporter -->
<testsuite hostname="DESKTOP-TIHB5EH" failures="0" tests="1" name="practiceTestNg.SampleTestForScreenshot" time="4.743" errors="0" timestamp="2025-07-30T15:30:34 IST" skipped="0">
  <testcase classname="practiceTestNg.SampleTestForScreenshot" name="amazonTest" time="4.743"/>
</testsuite> <!-- practiceTestNg.SampleTestForScreenshot -->
