<?xml version="1.0" encoding="UTF-8"?>
<!-- Generated by org.testng.reporters.JUnitReportReporter -->
<testsuite hostname="DESKTOP-TIHB5EH" failures="0" tests="2" name="practiceTestNg.CreateOrderTest" time="0.018" errors="0" timestamp="2025-07-24T18:48:11 IST" skipped="0">
  <testcase classname="practiceTestNg.CreateOrderTest" name="createOrderTest" time="0.016"/>
  <testcase classname="practiceTestNg.CreateOrderTest" name="billingOrderTest" time="0.002"/>
</testsuite> <!-- practiceTestNg.CreateOrderTest -->
