<?xml version="1.0" encoding="UTF-8"?>
<!-- Generated by org.testng.reporters.JUnitReportReporter -->
<testsuite hostname="DESKTOP-TIHB5EH" failures="0" tests="2" name="com.crm.comcast.contacttest.CreateContactTest" time="0.014" errors="0" timestamp="2025-07-26T17:15:32 IST" skipped="0">
  <testcase classname="com.crm.comcast.contacttest.CreateContactTest" name="createcontactwithsupport" time="0.003"/>
  <testcase classname="com.crm.comcast.contacttest.CreateContactTest" name="createcontact" time="0.011"/>
</testsuite> <!-- com.crm.comcast.contacttest.CreateContactTest -->
