<?xml version="1.0" encoding="UTF-8"?>
<!-- Generated by org.testng.reporters.JUnitReportReporter -->
<testsuite hostname="DESKTOP-TIHB5EH" failures="0" tests="1" name="practiceTestNg.SamepleTesst" time="0.029" errors="0" timestamp="2025-07-24T18:29:03 IST" skipped="0">
  <testcase classname="practiceTestNg.SamepleTesst" name="SampleTest" time="0.029"/>
</testsuite> <!-- practiceTestNg.SamepleTesst -->
