<?xml version="1.0" encoding="UTF-8"?>
<!-- Generated by org.testng.reporters.JUnitReportReporter -->
<testsuite hostname="DESKTOP-TIHB5EH" failures="0" tests="3" name="practiceTestNg.CreateContact_DP_Test2" time="0.023" errors="0" timestamp="2025-07-24T19:12:39 IST" skipped="0">
  <testcase classname="practiceTestNg.CreateContact_DP_Test2" name="createcontactTest" time="0.001"/>
  <testcase classname="practiceTestNg.CreateContact_DP_Test2" name="createcontactTest" time="0.001"/>
  <testcase classname="practiceTestNg.CreateContact_DP_Test2" name="createcontactTest" time="0.021"/>
</testsuite> <!-- practiceTestNg.CreateContact_DP_Test2 -->
