<?xml version="1.0" encoding="UTF-8"?>
<!-- Generated by org.testng.reporters.JUnitReportReporter -->
<testsuite hostname="DESKTOP-TIHB5EH" failures="0" tests="1" name="practiceDDT.ReadDataFromTestNGXmlTest" time="37.237" errors="0" timestamp="2025-07-14T16:08:13 IST" skipped="0">
  <testcase classname="practiceDDT.ReadDataFromTestNGXmlTest" name="createOrgTest" time="37.237"/>
</testsuite> <!-- practiceDDT.ReadDataFromTestNGXmlTest -->
