<?xml version="1.0" encoding="UTF-8"?>
<!-- Generated by org.testng.reporters.JUnitReportReporter -->
<testsuite hostname="DESKTOP-TIHB5EH" failures="0" tests="1" name="practiceDDT.ReadDataFromTestNG" time="0.024" errors="0" timestamp="2025-07-14T15:50:11 IST" skipped="0">
  <testcase classname="practiceDDT.ReadDataFromTestNG" name="SampleTest" time="0.024"/>
</testsuite> <!-- practiceDDT.ReadDataFromTestNG -->
