<?xml version="1.0" encoding="UTF-8"?>
<!-- Generated by org.testng.reporters.JUnitReportReporter -->
<testsuite hostname="DESKTOP-TIHB5EH" failures="0" tests="3" name="practiceTestNg.CreateContact_DataProviderTest" time="0.027" errors="0" timestamp="2025-07-24T19:07:28 IST" skipped="0">
  <testcase classname="practiceTestNg.CreateContact_DataProviderTest" name="createcontactTest" time="0.019"/>
  <testcase classname="practiceTestNg.CreateContact_DataProviderTest" name="createcontactTest" time="0.006"/>
  <testcase classname="practiceTestNg.CreateContact_DataProviderTest" name="createcontactTest" time="0.002"/>
</testsuite> <!-- practiceTestNg.CreateContact_DataProviderTest -->
