<?xml version="1.0" encoding="UTF-8"?>
<!-- Generated by org.testng.reporters.JUnitReportReporter -->
<testsuite hostname="DESKTOP-TIHB5EH" failures="0" tests="2" name="com.crm.comcast.orgtest.CreateOrgTest" time="0.007" errors="0" timestamp="2025-07-26T17:15:32 IST" skipped="0">
  <testcase classname="com.crm.comcast.orgtest.CreateOrgTest" name="createorgwithindustriestype" time="0.003"/>
  <testcase classname="com.crm.comcast.orgtest.CreateOrgTest" name="createorgtest" time="0.004"/>
</testsuite> <!-- com.crm.comcast.orgtest.CreateOrgTest -->
