<?xml version="1.0" encoding="UTF-8"?>
<!-- Generated by org.testng.reporters.JUnitReportReporter -->
<testsuite hostname="DESKTOP-TIHB5EH" failures="0" tests="2" name="practice.hometest.HomePageSampleTest" time="0.014" errors="0" timestamp="2025-07-30T15:16:03 IST" skipped="0">
  <testcase classname="practice.hometest.HomePageSampleTest" name="homePageTest" time="0.013">
    <system-out>
      <![CDATA[homePageTestStart
step-1
step-2
step-3
step-4
END]]>
    </system-out>
  </testcase> <!-- homePageTest -->
  <testcase classname="practice.hometest.HomePageSampleTest" name="verifyLogoHomePageTest" time="0.001">
    <system-out>
      <![CDATA[verifyLogoHomePageTestStart
step-1
step-2
step-3
step-4
END]]>
    </system-out>
  </testcase> <!-- verifyLogoHomePageTest -->
  <system-out>
    <![CDATA[homePageTestStart
step-1
step-2
step-3
step-4
END
verifyLogoHomePageTestStart
step-1
step-2
step-3
step-4
END]]>
  </system-out>
</testsuite> <!-- practice.hometest.HomePageSampleTest -->
